# JRE version: OpenJDK Runtime Environment (11.0.13) (build 11.0.13+0-b1751.21-8125866)
# Java VM: OpenJDK 64-Bit Server VM (11.0.13+0-b1751.21-8125866, mixed mode, tiered, compressed oops, g1 gc, bsd-amd64)
Heap:
 garbage-first heap   total 262144K, used 194233K [0x00000007a0000000, 0x0000000800000000)
  region size 1024K, 126 young (129024K), 10 survivors (10240K)
 Metaspace       used 76794K, capacity 78925K, committed 79184K, reserved 1118208K
  class space    used 9933K, capacity 10734K, committed 10752K, reserved 1048576K
GC Heap History (19 events):
Event: 0.624 GC heap before
{Heap before GC invocations=0 (full 0):
 garbage-first heap   total 262144K, used 29696K [0x00000007a0000000, 0x0000000800000000)
  region size 1024K, 24 young (24576K), 0 survivors (0K)
 Metaspace       used 10009K, capacity 10210K, committed 10368K, reserved 1058816K
  class space    used 1034K, capacity 1107K, committed 1152K, reserved 1048576K
}
Event: 0.629 GC heap after
{Heap after GC invocations=1 (full 0):
 garbage-first heap   total 262144K, used 9273K [0x00000007a0000000, 0x0000000800000000)
  region size 1024K, 3 young (3072K), 3 survivors (3072K)
 Metaspace       used 10009K, capacity 10210K, committed 10368K, reserved 1058816K
  class space    used 1034K, capacity 1107K, committed 1152K, reserved 1048576K
}
Event: 2.041 GC heap before
{Heap before GC invocations=1 (full 0):
 garbage-first heap   total 262144K, used 100409K [0x00000007a0000000, 0x0000000800000000)
  region size 1024K, 93 young (95232K), 3 survivors (3072K)
 Metaspace       used 20468K, capacity 20974K, committed 21296K, reserved 1069056K
  class space    used 2474K, capacity 2656K, committed 2688K, reserved 1048576K
}
Event: 2.054 GC heap after
{Heap after GC invocations=2 (full 0):
 garbage-first heap   total 262144K, used 16665K [0x00000007a0000000, 0x0000000800000000)
  region size 1024K, 11 young (11264K), 11 survivors (11264K)
 Metaspace       used 20468K, capacity 20974K, committed 21296K, reserved 1069056K
  class space    used 2474K, capacity 2656K, committed 2688K, reserved 1048576K
}
Event: 2.791 GC heap before
{Heap before GC invocations=3 (full 0):
 garbage-first heap   total 262144K, used 78105K [0x00000007a0000000, 0x0000000800000000)
  region size 1024K, 71 young (72704K), 11 survivors (11264K)
 Metaspace       used 26493K, capacity 27079K, committed 27440K, reserved 1073152K
  class space    used 3413K, capacity 3632K, committed 3712K, reserved 1048576K
}
Event: 2.804 GC heap after
{Heap after GC invocations=4 (full 0):
 garbage-first heap   total 262144K, used 19035K [0x00000007a0000000, 0x0000000800000000)
  region size 1024K, 3 young (3072K), 3 survivors (3072K)
 Metaspace       used 26493K, capacity 27079K, committed 27440K, reserved 1073152K
  class space    used 3413K, capacity 3632K, committed 3712K, reserved 1048576K
}
Event: 3.633 GC heap before
{Heap before GC invocations=4 (full 0):
 garbage-first heap   total 262144K, used 73307K [0x00000007a0000000, 0x0000000800000000)
  region size 1024K, 57 young (58368K), 3 survivors (3072K)
 Metaspace       used 34867K, capacity 35599K, committed 35920K, reserved 1081344K
  class space    used 4457K, capacity 4772K, committed 4864K, reserved 1048576K
}
Event: 3.640 GC heap after
{Heap after GC invocations=5 (full 0):
 garbage-first heap   total 262144K, used 22163K [0x00000007a0000000, 0x0000000800000000)
  region size 1024K, 6 young (6144K), 6 survivors (6144K)
 Metaspace       used 34867K, capacity 35599K, committed 35920K, reserved 1081344K
  class space    used 4457K, capacity 4772K, committed 4864K, reserved 1048576K
}
Event: 5.168 GC heap before
{Heap before GC invocations=6 (full 0):
 garbage-first heap   total 262144K, used 137875K [0x00000007a0000000, 0x0000000800000000)
  region size 1024K, 116 young (118784K), 6 survivors (6144K)
 Metaspace       used 43607K, capacity 44566K, committed 44624K, reserved 1087488K
  class space    used 5468K, capacity 5842K, committed 5888K, reserved 1048576K
}
Event: 5.184 GC heap after
{Heap after GC invocations=7 (full 0):
 garbage-first heap   total 262144K, used 30036K [0x00000007a0000000, 0x0000000800000000)
  region size 1024K, 14 young (14336K), 14 survivors (14336K)
 Metaspace       used 43607K, capacity 44566K, committed 44624K, reserved 1087488K
  class space    used 5468K, capacity 5842K, committed 5888K, reserved 1048576K
}
Event: 7.105 GC heap before
{Heap before GC invocations=7 (full 0):
 garbage-first heap   total 262144K, used 167252K [0x00000007a0000000, 0x0000000800000000)
  region size 1024K, 140 young (143360K), 14 survivors (14336K)
 Metaspace       used 50348K, capacity 51767K, committed 52048K, reserved 1095680K
  class space    used 6337K, capacity 6871K, committed 6912K, reserved 1048576K
}
Event: 7.131 GC heap after
{Heap after GC invocations=8 (full 0):
 garbage-first heap   total 262144K, used 51304K [0x00000007a0000000, 0x0000000800000000)
  region size 1024K, 18 young (18432K), 18 survivors (18432K)
 Metaspace       used 50348K, capacity 51767K, committed 52048K, reserved 1095680K
  class space    used 6337K, capacity 6871K, committed 6912K, reserved 1048576K
}
Event: 8.163 GC heap before
{Heap before GC invocations=8 (full 0):
 garbage-first heap   total 262144K, used 117864K [0x00000007a0000000, 0x0000000800000000)
  region size 1024K, 84 young (86016K), 18 survivors (18432K)
 Metaspace       used 58561K, capacity 60146K, committed 60240K, reserved 1101824K
  class space    used 7350K, capacity 7911K, committed 7936K, reserved 1048576K
}
Event: 8.195 GC heap after
{Heap after GC invocations=9 (full 0):
 garbage-first heap   total 262144K, used 54732K [0x00000007a0000000, 0x0000000800000000)
  region size 1024K, 4 young (4096K), 4 survivors (4096K)
 Metaspace       used 58561K, capacity 60146K, committed 60240K, reserved 1101824K
  class space    used 7350K, capacity 7911K, committed 7936K, reserved 1048576K
}
Event: 10.039 GC heap before
{Heap before GC invocations=10 (full 0):
 garbage-first heap   total 262144K, used 186828K [0x00000007a0000000, 0x0000000800000000)
  region size 1024K, 126 young (129024K), 4 survivors (4096K)
 Metaspace       used 66823K, capacity 68476K, committed 68816K, reserved 1110016K
  class space    used 8443K, capacity 9053K, committed 9088K, reserved 1048576K
}
Event: 10.052 GC heap after
{Heap after GC invocations=11 (full 0):
 garbage-first heap   total 262144K, used 61423K [0x00000007a0000000, 0x0000000800000000)
  region size 1024K, 11 young (11264K), 11 survivors (11264K)
 Metaspace       used 66823K, capacity 68476K, committed 68816K, reserved 1110016K
  class space    used 8443K, capacity 9053K, committed 9088K, reserved 1048576K
}
Event: 11.176 GC heap before
{Heap before GC invocations=11 (full 0):
 garbage-first heap   total 262144K, used 189423K [0x00000007a0000000, 0x0000000800000000)
  region size 1024K, 134 young (137216K), 11 survivors (11264K)
 Metaspace       used 68994K, capacity 70971K, committed 71120K, reserved 1112064K
  class space    used 8687K, capacity 9339K, committed 9344K, reserved 1048576K
}
Event: 11.195 GC heap after
{Heap after GC invocations=12 (full 0):
 garbage-first heap   total 262144K, used 75449K [0x00000007a0000000, 0x0000000800000000)
  region size 1024K, 17 young (17408K), 17 survivors (17408K)
 Metaspace       used 68994K, capacity 70971K, committed 71120K, reserved 1112064K
  class space    used 8687K, capacity 9339K, committed 9344K, reserved 1048576K
}
Event: 12.764 GC heap before
{Heap before GC invocations=12 (full 0):
 garbage-first heap   total 262144K, used 194233K [0x00000007a0000000, 0x0000000800000000)
  region size 1024K, 133 young (136192K), 17 survivors (17408K)
 Metaspace       used 76794K, capacity 78925K, committed 79184K, reserved 1118208K
  class space    used 9933K, capacity 10734K, committed 10752K, reserved 1048576K
}

